<?xml version="1.0" encoding="UTF-8"?>
<testsuite xmlns:xsi="http://www.w3.org/2001/XMLSchema-instance" xsi:noNamespaceSchemaLocation="https://maven.apache.org/surefire/maven-surefire-plugin/xsd/surefire-test-report-3.0.xsd" version="3.0" name="com.Atividade.InovaEmpresa.InovaEmpresaApplicationTests" time="5.971" tests="1" errors="0" skipped="0" failures="0">
  <properties>
[...]
</properties>
  <testcase name="contextLoads" classname="com.Atividade.InovaEmpresa.InovaEmpresaApplicationTests" time="0.459">
    <system-out><![CDATA[23:37:03.344 [main] INFO org.springframework.test.context.support.AnnotationConfigContextLoaderUtils -- Could not detect default configuration classes for test class [com.Atividade.InovaEmpresa.InovaEmpresaApplicationTests]: InovaEmpresaApplicationTests does not declare any static, non-private, non-final, nested classes annotated with @Configuration.
23:37:03.466 [main] INFO org.springframework.boot.test.context.SpringBootTestContextBootstrapper -- Found @SpringBootConfiguration com.Atividade.InovaEmpresa.InovaEmpresaApplication for test class com.Atividade.InovaEmpresa.InovaEmpresaApplicationTests

  .   ____          _            __ _ _
 /\\ / ___'_ __ _ _(_)_ __  __ _ \ \ \ \
( ( )\___ | '_ | '_| | '_ \/ _` | \ \ \ \
 \\/  ___)| |_)| | | | | || (_| |  ) ) ) )
  '  |____| .__|_| |_|_| |_\__, | / / / /
 =========|_|==============|___/=/_/_/_/

 :: Spring Boot ::                (v3.3.3)

2024-09-15T23:37:03.874-03:00  INFO 20356 --- [InovaEmpresa] [           main] c.A.I.InovaEmpresaApplicationTests       : Starting InovaEmpresaApplicationTests using Java 17.0.12 with PID 20356 (started by jtosc in C:\Users\jtosc\OneDrive\Documentos\Faculdade\4º Período\InovaEmpresa)
2024-09-15T23:37:03.875-03:00  INFO 20356 --- [InovaEmpresa] [           main] c.A.I.InovaEmpresaApplicationTests       : No active profile set, falling back to 1 default profile: "default"
2024-09-15T23:37:04.630-03:00  INFO 20356 --- [InovaEmpresa] [           main] .s.d.r.c.RepositoryConfigurationDelegate : Bootstrapping Spring Data JPA repositories in DEFAULT mode.
2024-09-15T23:37:04.713-03:00  INFO 20356 --- [InovaEmpresa] [           main] .s.d.r.c.RepositoryConfigurationDelegate : Finished Spring Data repository scanning in 73 ms. Found 5 JPA repository interfaces.
2024-09-15T23:37:05.224-03:00  INFO 20356 --- [InovaEmpresa] [           main] o.hibernate.jpa.internal.util.LogHelper  : HHH000204: Processing PersistenceUnitInfo [name: default]
2024-09-15T23:37:05.307-03:00  INFO 20356 --- [InovaEmpresa] [           main] org.hibernate.Version                    : HHH000412: Hibernate ORM core version 6.5.2.Final
2024-09-15T23:37:05.355-03:00  INFO 20356 --- [InovaEmpresa] [           main] o.h.c.internal.RegionFactoryInitiator    : HHH000026: Second-level cache disabled
2024-09-15T23:37:05.817-03:00  INFO 20356 --- [InovaEmpresa] [           main] o.s.o.j.p.SpringPersistenceUnitInfo      : No LoadTimeWeaver setup: ignoring JPA class transformer
2024-09-15T23:37:05.852-03:00  INFO 20356 --- [InovaEmpresa] [           main] com.zaxxer.hikari.HikariDataSource       : HikariPool-1 - Starting...
2024-09-15T23:37:06.171-03:00  INFO 20356 --- [InovaEmpresa] [           main] com.zaxxer.hikari.pool.HikariPool        : HikariPool-1 - Added connection org.postgresql.jdbc.PgConnection@1d6713dd
2024-09-15T23:37:06.174-03:00  INFO 20356 --- [InovaEmpresa] [           main] com.zaxxer.hikari.HikariDataSource       : HikariPool-1 - Start completed.
2024-09-15T23:37:06.215-03:00  WARN 20356 --- [InovaEmpresa] [           main] org.hibernate.orm.deprecation            : HHH90000025: PostgreSQLDialect does not need to be specified explicitly using 'hibernate.dialect' (remove the property setting and it will be selected by default)
2024-09-15T23:37:07.405-03:00  INFO 20356 --- [InovaEmpresa] [           main] o.h.e.t.j.p.i.JtaPlatformInitiator       : HHH000489: No JTA platform available (set 'hibernate.transaction.jta.platform' to enable JTA platform integration)
Hibernate: alter table if exists avaliacao_jurado_usuario drop constraint if exists FKkl3ta3ggimnasa0upklqw5e8x
2024-09-15T23:37:07.425-03:00  WARN 20356 --- [InovaEmpresa] [           main] o.h.engine.jdbc.spi.SqlExceptionHelper   : SQL Warning Code: 0, SQLState: 00000
2024-09-15T23:37:07.425-03:00  WARN 20356 --- [InovaEmpresa] [           main] o.h.engine.jdbc.spi.SqlExceptionHelper   : relação "avaliacao_jurado_usuario" não existe, ignorando
Hibernate: alter table if exists avaliacao_jurado_usuario drop constraint if exists FK3583xgc0cc8av2n71h32of2hs
2024-09-15T23:37:07.426-03:00  WARN 20356 --- [InovaEmpresa] [           main] o.h.engine.jdbc.spi.SqlExceptionHelper   : SQL Warning Code: 0, SQLState: 00000
2024-09-15T23:37:07.426-03:00  WARN 20356 --- [InovaEmpresa] [           main] o.h.engine.jdbc.spi.SqlExceptionHelper   : relação "avaliacao_jurado_usuario" não existe, ignorando
Hibernate: alter table if exists avaliacao_popular drop constraint if exists FKe5tp4m7ghjlw5usywnt60iq9e
2024-09-15T23:37:07.426-03:00  WARN 20356 --- [InovaEmpresa] [           main] o.h.engine.jdbc.spi.SqlExceptionHelper   : SQL Warning Code: 0, SQLState: 00000
2024-09-15T23:37:07.426-03:00  WARN 20356 --- [InovaEmpresa] [           main] o.h.engine.jdbc.spi.SqlExceptionHelper   : relação "avaliacao_popular" não existe, ignorando
Hibernate: alter table if exists avaliacao_popular drop constraint if exists FKsqet6k1jkwpfnnxrtdfpeyx3q
2024-09-15T23:37:07.426-03:00  WARN 20356 --- [InovaEmpresa] [           main] o.h.engine.jdbc.spi.SqlExceptionHelper   : SQL Warning Code: 0, SQLState: 00000
2024-09-15T23:37:07.426-03:00  WARN 20356 --- [InovaEmpresa] [           main] o.h.engine.jdbc.spi.SqlExceptionHelper   : relação "avaliacao_popular" não existe, ignorando
Hibernate: alter table if exists avaliacao_popular drop constraint if exists FK7isa6sof1drpxp2auif0h6e96
2024-09-15T23:37:07.427-03:00  WARN 20356 --- [InovaEmpresa] [           main] o.h.engine.jdbc.spi.SqlExceptionHelper   : SQL Warning Code: 0, SQLState: 00000
2024-09-15T23:37:07.427-03:00  WARN 20356 --- [InovaEmpresa] [           main] o.h.engine.jdbc.spi.SqlExceptionHelper   : relação "avaliacao_popular" não existe, ignorando
Hibernate: alter table if exists avaliacao_jurado drop constraint if exists FKgrxex4xkquwn5csmbxk8mumec
2024-09-15T23:37:07.428-03:00  WARN 20356 --- [InovaEmpresa] [           main] o.h.engine.jdbc.spi.SqlExceptionHelper   : SQL Warning Code: 0, SQLState: 00000
2024-09-15T23:37:07.428-03:00  WARN 20356 --- [InovaEmpresa] [           main] o.h.engine.jdbc.spi.SqlExceptionHelper   : relação "avaliacao_jurado" não existe, ignorando
Hibernate: alter table if exists ideia drop constraint if exists FK56ufknclhnuiptwrisj91o6oe
2024-09-15T23:37:07.428-03:00  WARN 20356 --- [InovaEmpresa] [           main] o.h.engine.jdbc.spi.SqlExceptionHelper   : SQL Warning Code: 0, SQLState: 00000
2024-09-15T23:37:07.428-03:00  WARN 20356 --- [InovaEmpresa] [           main] o.h.engine.jdbc.spi.SqlExceptionHelper   : relação "ideia" não existe, ignorando
Hibernate: alter table if exists ideia_avaliacao_popular drop constraint if exists FKeq85wmqv32fntp8ejb0q1e8et
2024-09-15T23:37:07.428-03:00  WARN 20356 --- [InovaEmpresa] [           main] o.h.engine.jdbc.spi.SqlExceptionHelper   : SQL Warning Code: 0, SQLState: 00000
2024-09-15T23:37:07.428-03:00  WARN 20356 --- [InovaEmpresa] [           main] o.h.engine.jdbc.spi.SqlExceptionHelper   : relação "ideia_avaliacao_popular" não existe, ignorando
Hibernate: alter table if exists ideia_avaliacao_popular drop constraint if exists FK5qpsr4k7ctxsevossn0ulnkmw
2024-09-15T23:37:07.429-03:00  WARN 20356 --- [InovaEmpresa] [           main] o.h.engine.jdbc.spi.SqlExceptionHelper   : SQL Warning Code: 0, SQLState: 00000
2024-09-15T23:37:07.429-03:00  WARN 20356 --- [InovaEmpresa] [           main] o.h.engine.jdbc.spi.SqlExceptionHelper   : relação "ideia_avaliacao_popular" não existe, ignorando
Hibernate: alter table if exists ideia_usuario drop constraint if exists FKr4wyf8ufhqdjf3ih5v85sj84o
2024-09-15T23:37:07.429-03:00  WARN 20356 --- [InovaEmpresa] [           main] o.h.engine.jdbc.spi.SqlExceptionHelper   : SQL Warning Code: 0, SQLState: 00000
2024-09-15T23:37:07.429-03:00  WARN 20356 --- [InovaEmpresa] [           main] o.h.engine.jdbc.spi.SqlExceptionHelper   : relação "ideia_usuario" não existe, ignorando
Hibernate: alter table if exists ideia_usuario drop constraint if exists FKrfq33oy4v0h543u1l1ucuwqy0
2024-09-15T23:37:07.430-03:00  WARN 20356 --- [InovaEmpresa] [           main] o.h.engine.jdbc.spi.SqlExceptionHelper   : SQL Warning Code: 0, SQLState: 00000
2024-09-15T23:37:07.430-03:00  WARN 20356 --- [InovaEmpresa] [           main] o.h.engine.jdbc.spi.SqlExceptionHelper   : relação "ideia_usuario" não existe, ignorando
Hibernate: alter table if exists usuario_evento drop constraint if exists FK8x76e33rsidpp4bishwdd04lh
2024-09-15T23:37:07.430-03:00  WARN 20356 --- [InovaEmpresa] [           main] o.h.engine.jdbc.spi.SqlExceptionHelper   : SQL Warning Code: 0, SQLState: 00000
2024-09-15T23:37:07.430-03:00  WARN 20356 --- [InovaEmpresa] [           main] o.h.engine.jdbc.spi.SqlExceptionHelper   : relação "usuario_evento" não existe, ignorando
Hibernate: alter table if exists usuario_evento drop constraint if exists FKgsiny8oonbc82c44qsnd29nm8
2024-09-15T23:37:07.431-03:00  WARN 20356 --- [InovaEmpresa] [           main] o.h.engine.jdbc.spi.SqlExceptionHelper   : SQL Warning Code: 0, SQLState: 00000
2024-09-15T23:37:07.431-03:00  WARN 20356 --- [InovaEmpresa] [           main] o.h.engine.jdbc.spi.SqlExceptionHelper   : relação "usuario_evento" não existe, ignorando
Hibernate: drop table if exists avaliacao_jurado_usuario cascade
2024-09-15T23:37:07.431-03:00  WARN 20356 --- [InovaEmpresa] [           main] o.h.engine.jdbc.spi.SqlExceptionHelper   : SQL Warning Code: 0, SQLState: 00000
2024-09-15T23:37:07.431-03:00  WARN 20356 --- [InovaEmpresa] [           main] o.h.engine.jdbc.spi.SqlExceptionHelper   : tabela "avaliacao_jurado_usuario" não existe, ignorando
Hibernate: drop table if exists avaliacao_popular cascade
2024-09-15T23:37:07.432-03:00  WARN 20356 --- [InovaEmpresa] [           main] o.h.engine.jdbc.spi.SqlExceptionHelper   : SQL Warning Code: 0, SQLState: 00000
2024-09-15T23:37:07.432-03:00  WARN 20356 --- [InovaEmpresa] [           main] o.h.engine.jdbc.spi.SqlExceptionHelper   : tabela "avaliacao_popular" não existe, ignorando
Hibernate: drop table if exists avaliacao_jurado cascade
2024-09-15T23:37:07.432-03:00  WARN 20356 --- [InovaEmpresa] [           main] o.h.engine.jdbc.spi.SqlExceptionHelper   : SQL Warning Code: 0, SQLState: 00000
2024-09-15T23:37:07.432-03:00  WARN 20356 --- [InovaEmpresa] [           main] o.h.engine.jdbc.spi.SqlExceptionHelper   : tabela "avaliacao_jurado" não existe, ignorando
Hibernate: drop table if exists evento cascade
2024-09-15T23:37:07.433-03:00  WARN 20356 --- [InovaEmpresa] [           main] o.h.engine.jdbc.spi.SqlExceptionHelper   : SQL Warning Code: 0, SQLState: 00000
2024-09-15T23:37:07.433-03:00  WARN 20356 --- [InovaEmpresa] [           main] o.h.engine.jdbc.spi.SqlExceptionHelper   : tabela "evento" não existe, ignorando
Hibernate: drop table if exists ideia cascade
2024-09-15T23:37:07.433-03:00  WARN 20356 --- [InovaEmpresa] [           main] o.h.engine.jdbc.spi.SqlExceptionHelper   : SQL Warning Code: 0, SQLState: 00000
2024-09-15T23:37:07.433-03:00  WARN 20356 --- [InovaEmpresa] [           main] o.h.engine.jdbc.spi.SqlExceptionHelper   : tabela "ideia" não existe, ignorando
Hibernate: drop table if exists ideia_avaliacao_popular cascade
2024-09-15T23:37:07.433-03:00  WARN 20356 --- [InovaEmpresa] [           main] o.h.engine.jdbc.spi.SqlExceptionHelper   : SQL Warning Code: 0, SQLState: 00000
2024-09-15T23:37:07.434-03:00  WARN 20356 --- [InovaEmpresa] [           main] o.h.engine.jdbc.spi.SqlExceptionHelper   : tabela "ideia_avaliacao_popular" não existe, ignorando
Hibernate: drop table if exists ideia_usuario cascade
2024-09-15T23:37:07.434-03:00  WARN 20356 --- [InovaEmpresa] [           main] o.h.engine.jdbc.spi.SqlExceptionHelper   : SQL Warning Code: 0, SQLState: 00000
2024-09-15T23:37:07.434-03:00  WARN 20356 --- [InovaEmpresa] [           main] o.h.engine.jdbc.spi.SqlExceptionHelper   : tabela "ideia_usuario" não existe, ignorando
Hibernate: drop table if exists usuario cascade
2024-09-15T23:37:07.434-03:00  WARN 20356 --- [InovaEmpresa] [           main] o.h.engine.jdbc.spi.SqlExceptionHelper   : SQL Warning Code: 0, SQLState: 00000
2024-09-15T23:37:07.434-03:00  WARN 20356 --- [InovaEmpresa] [           main] o.h.engine.jdbc.spi.SqlExceptionHelper   : tabela "usuario" não existe, ignorando
Hibernate: drop table if exists usuario_evento cascade
2024-09-15T23:37:07.434-03:00  WARN 20356 --- [InovaEmpresa] [           main] o.h.engine.jdbc.spi.SqlExceptionHelper   : SQL Warning Code: 0, SQLState: 00000
2024-09-15T23:37:07.434-03:00  WARN 20356 --- [InovaEmpresa] [           main] o.h.engine.jdbc.spi.SqlExceptionHelper   : tabela "usuario_evento" não existe, ignorando
Hibernate: create table avaliacao_jurado_usuario (avaliacao_jurado_id bigint not null, usuario_id bigint not null)
Hibernate: create table avaliacao_popular (evento_id bigint, id bigint generated by default as identity, ideia_id bigint, usuario_id bigint, primary key (id))
Hibernate: create table avaliacao_jurado (nota float(53) not null, id bigint generated by default as identity, ideia_id bigint, primary key (id))
Hibernate: create table evento (data_avaliacao_jurado timestamp(6) with time zone not null, data_avaliacao_popular timestamp(6) with time zone not null, data_fim timestamp(6) with time zone not null, data_inicio timestamp(6) with time zone not null, id bigint generated by default as identity, descricao varchar(255) not null, nome varchar(255) not null, primary key (id))
Hibernate: create table ideia (custo float(53) not null, evento_id bigint, id bigint generated by default as identity, descricao varchar(1000) not null, impacto varchar(255) not null, nome varchar(255) not null, primary key (id))
Hibernate: create table ideia_avaliacao_popular (avaliacao_popular_id bigint not null, ideia_id bigint not null)
Hibernate: create table ideia_usuario (ideia_id bigint not null, usuario_id bigint not null)
Hibernate: create table usuario (fl_ideia boolean not null, id bigint generated by default as identity, email varchar(255), nome varchar(255) not null, role varchar(255) check (role in ('ADMIN','COLABORADOR','JURADO')), primary key (id))
Hibernate: create table usuario_evento (evento_id bigint not null, usuario_id bigint not null)
Hibernate: alter table if exists avaliacao_jurado_usuario add constraint FKkl3ta3ggimnasa0upklqw5e8x foreign key (usuario_id) references usuario
Hibernate: alter table if exists avaliacao_jurado_usuario add constraint FK3583xgc0cc8av2n71h32of2hs foreign key (avaliacao_jurado_id) references avaliacao_jurado
Hibernate: alter table if exists avaliacao_popular add constraint FKe5tp4m7ghjlw5usywnt60iq9e foreign key (evento_id) references evento
Hibernate: alter table if exists avaliacao_popular add constraint FKsqet6k1jkwpfnnxrtdfpeyx3q foreign key (ideia_id) references ideia
Hibernate: alter table if exists avaliacao_popular add constraint FK7isa6sof1drpxp2auif0h6e96 foreign key (usuario_id) references usuario
Hibernate: alter table if exists avaliacao_jurado add constraint FKgrxex4xkquwn5csmbxk8mumec foreign key (ideia_id) references ideia
Hibernate: alter table if exists ideia add constraint FK56ufknclhnuiptwrisj91o6oe foreign key (evento_id) references evento
Hibernate: alter table if exists ideia_avaliacao_popular add constraint FKeq85wmqv32fntp8ejb0q1e8et foreign key (avaliacao_popular_id) references avaliacao_popular
Hibernate: alter table if exists ideia_avaliacao_popular add constraint FK5qpsr4k7ctxsevossn0ulnkmw foreign key (ideia_id) references ideia
Hibernate: alter table if exists ideia_usuario add constraint FKr4wyf8ufhqdjf3ih5v85sj84o foreign key (usuario_id) references usuario
Hibernate: alter table if exists ideia_usuario add constraint FKrfq33oy4v0h543u1l1ucuwqy0 foreign key (ideia_id) references ideia
Hibernate: alter table if exists usuario_evento add constraint FK8x76e33rsidpp4bishwdd04lh foreign key (evento_id) references evento
Hibernate: alter table if exists usuario_evento add constraint FKgsiny8oonbc82c44qsnd29nm8 foreign key (usuario_id) references usuario
2024-09-15T23:37:07.501-03:00  INFO 20356 --- [InovaEmpresa] [           main] j.LocalContainerEntityManagerFactoryBean : Initialized JPA EntityManagerFactory for persistence unit 'default'
2024-09-15T23:37:07.861-03:00  INFO 20356 --- [InovaEmpresa] [           main] o.s.d.j.r.query.QueryEnhancerFactory     : Hibernate is in classpath; If applicable, HQL parser will be used.
2024-09-15T23:37:08.193-03:00  WARN 20356 --- [InovaEmpresa] [           main] JpaBaseConfiguration$JpaWebConfiguration : spring.jpa.open-in-view is enabled by default. Therefore, database queries may be performed during view rendering. Explicitly configure spring.jpa.open-in-view to disable this warning
2024-09-15T23:37:08.663-03:00  INFO 20356 --- [InovaEmpresa] [           main] c.A.I.InovaEmpresaApplicationTests       : Started InovaEmpresaApplicationTests in 5.034 seconds (process running for 6.161)
]]></system-out>
  </testcase>
</testsuite>